<?xml version="1.0" encoding="UTF-8"?>
<testsuite name="com.rest.test.RestAssureTest" tests="1" skipped="0" failures="0" errors="0" timestamp="2020-11-05T07:39:44" hostname="DESKTOP-9T3G1G1" time="2.424">
  <properties/>
  <testcase name="OnCallingGetEmployeeList_ShouldReturnEmployeeList" classname="com.rest.test.RestAssureTest" time="2.424"/>
  <system-out><![CDATA[io.restassured.internal.RestAssuredResponseImpl@180e93fd
String is [
  {
    "id": 2,
    "name": "Marsha May",
    "salary": "100000"
  },
  {
    "name": "Mia",
    "salary": "50000",
    "id": 3
  },
  {
    "name": "xyz",
    "salary": "50000",
    "id": 4
  }
]
]]></system-out>
  <system-err><![CDATA[]]></system-err>
</testsuite>
