<?xml version="1.0" encoding="UTF-8"?>
<testsuite name="com.rest.test.EmpPayrollRestAssureTest" tests="1" skipped="0" failures="0" errors="0" timestamp="2020-11-10T16:09:33" hostname="DESKTOP-9T3G1G1" time="6.782">
  <properties/>
  <testcase name="CheckMultiple_Post_Method_Threads" classname="com.rest.test.EmpPayrollRestAssureTest" time="6.782"/>
  <system-out><![CDATA[]]></system-out>
  <system-err><![CDATA[Exception in thread "Thread-3" java.lang.IllegalStateException: Cannot serialize object because no JSON serializer found in classpath. Please put either Jackson (Databind) or Gson in the classpath.
	at java.base/jdk.internal.reflect.NativeConstructorAccessorImpl.newInstance0(Native Method)
	at java.base/jdk.internal.reflect.NativeConstructorAccessorImpl.newInstance(NativeConstructorAccessorImpl.java:62)
	at java.base/jdk.internal.reflect.DelegatingConstructorAccessorImpl.newInstance(DelegatingConstructorAccessorImpl.java:45)
	at java.base/java.lang.reflect.Constructor.newInstance(Constructor.java:490)
	at org.codehaus.groovy.reflection.CachedConstructor.invoke(CachedConstructor.java:80)
	at org.codehaus.groovy.runtime.callsite.ConstructorSite$ConstructorSiteNoUnwrapNoCoerce.callConstructor(ConstructorSite.java:105)
	at org.codehaus.groovy.runtime.callsite.CallSiteArray.defaultCallConstructor(CallSiteArray.java:59)
	at org.codehaus.groovy.runtime.callsite.AbstractCallSite.callConstructor(AbstractCallSite.java:237)
	at org.codehaus.groovy.runtime.callsite.AbstractCallSite.callConstructor(AbstractCallSite.java:249)
	at io.restassured.internal.mapping.ObjectMapping.serialize(ObjectMapping.groovy:149)
	at io.restassured.internal.mapping.ObjectMapping$serialize.call(Unknown Source)
	at org.codehaus.groovy.runtime.callsite.CallSiteArray.defaultCall(CallSiteArray.java:47)
	at org.codehaus.groovy.runtime.callsite.AbstractCallSite.call(AbstractCallSite.java:115)
	at io.restassured.internal.RequestSpecificationImpl.body(RequestSpecificationImpl.groovy:750)
	at com.rest.test.EmpPayrollRestAssureTest.lambda$CheckMultiple_Post_Method_Threads$0(EmpPayrollRestAssureTest.java:59)
	at java.base/java.lang.Thread.run(Thread.java:834)
Exception in thread "Thread-4" java.lang.IllegalStateException: Cannot serialize object because no JSON serializer found in classpath. Please put either Jackson (Databind) or Gson in the classpath.
	at java.base/jdk.internal.reflect.NativeConstructorAccessorImpl.newInstance0(Native Method)
	at java.base/jdk.internal.reflect.NativeConstructorAccessorImpl.newInstance(NativeConstructorAccessorImpl.java:62)
	at java.base/jdk.internal.reflect.DelegatingConstructorAccessorImpl.newInstance(DelegatingConstructorAccessorImpl.java:45)
	at java.base/java.lang.reflect.Constructor.newInstance(Constructor.java:490)
	at org.codehaus.groovy.reflection.CachedConstructor.invoke(CachedConstructor.java:80)
	at org.codehaus.groovy.runtime.callsite.ConstructorSite$ConstructorSiteNoUnwrapNoCoerce.callConstructor(ConstructorSite.java:105)
	at org.codehaus.groovy.runtime.callsite.AbstractCallSite.callConstructor(AbstractCallSite.java:249)
	at io.restassured.internal.mapping.ObjectMapping.serialize(ObjectMapping.groovy:149)
	at io.restassured.internal.mapping.ObjectMapping$serialize.call(Unknown Source)
	at io.restassured.internal.RequestSpecificationImpl.body(RequestSpecificationImpl.groovy:750)
	at com.rest.test.EmpPayrollRestAssureTest.lambda$CheckMultiple_Post_Method_Threads$0(EmpPayrollRestAssureTest.java:59)
	at java.base/java.lang.Thread.run(Thread.java:834)
Exception in thread "Thread-5" java.lang.IllegalStateException: Cannot serialize object because no JSON serializer found in classpath. Please put either Jackson (Databind) or Gson in the classpath.
	at java.base/jdk.internal.reflect.NativeConstructorAccessorImpl.newInstance0(Native Method)
	at java.base/jdk.internal.reflect.NativeConstructorAccessorImpl.newInstance(NativeConstructorAccessorImpl.java:62)
	at java.base/jdk.internal.reflect.DelegatingConstructorAccessorImpl.newInstance(DelegatingConstructorAccessorImpl.java:45)
	at java.base/java.lang.reflect.Constructor.newInstance(Constructor.java:490)
	at org.codehaus.groovy.reflection.CachedConstructor.invoke(CachedConstructor.java:80)
	at org.codehaus.groovy.runtime.callsite.ConstructorSite$ConstructorSiteNoUnwrapNoCoerce.callConstructor(ConstructorSite.java:105)
	at org.codehaus.groovy.runtime.callsite.AbstractCallSite.callConstructor(AbstractCallSite.java:249)
	at io.restassured.internal.mapping.ObjectMapping.serialize(ObjectMapping.groovy:149)
	at io.restassured.internal.mapping.ObjectMapping$serialize.call(Unknown Source)
	at io.restassured.internal.RequestSpecificationImpl.body(RequestSpecificationImpl.groovy:750)
	at com.rest.test.EmpPayrollRestAssureTest.lambda$CheckMultiple_Post_Method_Threads$0(EmpPayrollRestAssureTest.java:59)
	at java.base/java.lang.Thread.run(Thread.java:834)
]]></system-err>
</testsuite>
