<?xml version="1.0" encoding="UTF-8"?>
<testsuite name="com.rest.test.EmpPayrollRestAssureTest" tests="1" skipped="0" failures="0" errors="0" timestamp="2020-11-10T16:00:09" hostname="DESKTOP-9T3G1G1" time="8.22">
  <properties/>
  <testcase name="givenEmployee_OnPostMethod_ShouldReturnAddedEmployee" classname="com.rest.test.EmpPayrollRestAssureTest" time="8.22"/>
  <system-out><![CDATA[]]></system-out>
  <system-err><![CDATA[]]></system-err>
</testsuite>
